0 info it worked if it ends with ok
1 verbose cli [ 'node', '/usr/local/bin/npm', 'install' ]
2 info using npm@1.4.21
3 info using node@v0.10.30
4 warn package.json alchemy-site@ No repository field.
5 verbose readDependencies using package.json deps
6 verbose install where, deps [ '/Users/lori/Desktop/ForkedAlchemy/Alchemy/site',
6 verbose install   [ 'grunt',
6 verbose install     'grunt-autoprefixer',
6 verbose install     'grunt-bower-install',
6 verbose install     'grunt-concurrent',
6 verbose install     'grunt-contrib-clean',
6 verbose install     'grunt-contrib-coffee',
6 verbose install     'grunt-contrib-concat',
6 verbose install     'grunt-contrib-connect',
6 verbose install     'grunt-contrib-copy',
6 verbose install     'grunt-contrib-cssmin',
6 verbose install     'grunt-contrib-htmlmin',
6 verbose install     'grunt-contrib-imagemin',
6 verbose install     'grunt-contrib-jshint',
6 verbose install     'grunt-contrib-uglify',
6 verbose install     'grunt-contrib-watch',
6 verbose install     'grunt-gh-pages',
6 verbose install     'grunt-jekyll',
6 verbose install     'grunt-mocha',
6 verbose install     'grunt-modernizr',
6 verbose install     'grunt-newer',
6 verbose install     'grunt-ngmin',
6 verbose install     'grunt-rev',
6 verbose install     'grunt-sass',
6 verbose install     'grunt-shell',
6 verbose install     'grunt-svgmin',
6 verbose install     'grunt-usemin',
6 verbose install     'jshint-stylish',
6 verbose install     'load-grunt-tasks',
6 verbose install     'optipng-bin',
6 verbose install     'time-grunt',
6 verbose install     'grunt-string-replace' ] ]
7 info preinstall alchemy-site@
8 verbose readDependencies using package.json deps
9 verbose already installed skipping grunt-contrib-connect@~0.7.1 /Users/lori/Desktop/ForkedAlchemy/Alchemy/site
10 verbose already installed skipping grunt-contrib-copy@~0.5.0 /Users/lori/Desktop/ForkedAlchemy/Alchemy/site
11 verbose already installed skipping grunt-contrib-cssmin@~0.9.0 /Users/lori/Desktop/ForkedAlchemy/Alchemy/site
12 verbose already installed skipping grunt-contrib-htmlmin@~0.2.0 /Users/lori/Desktop/ForkedAlchemy/Alchemy/site
13 verbose cache add [ 'grunt-contrib-imagemin@git://github.com/gruntjs/grunt-contrib-imagemin',
13 verbose cache add   null ]
14 verbose cache add name=undefined spec="grunt-contrib-imagemin@git://github.com/gruntjs/grunt-contrib-imagemin" args=["grunt-contrib-imagemin@git://github.com/gruntjs/grunt-contrib-imagemin",null]
15 verbose parsed url { protocol: null,
15 verbose parsed url   slashes: null,
15 verbose parsed url   auth: null,
15 verbose parsed url   host: null,
15 verbose parsed url   port: null,
15 verbose parsed url   hostname: null,
15 verbose parsed url   hash: null,
15 verbose parsed url   search: null,
15 verbose parsed url   query: null,
15 verbose parsed url   pathname: 'grunt-contrib-imagemin@git://github.com/gruntjs/grunt-contrib-imagemin',
15 verbose parsed url   path: 'grunt-contrib-imagemin@git://github.com/gruntjs/grunt-contrib-imagemin',
15 verbose parsed url   href: 'grunt-contrib-imagemin@git://github.com/gruntjs/grunt-contrib-imagemin' }
16 verbose already installed skipping grunt-contrib-jshint@~0.9.2 /Users/lori/Desktop/ForkedAlchemy/Alchemy/site
17 verbose already installed skipping grunt-contrib-uglify@~0.4.0 /Users/lori/Desktop/ForkedAlchemy/Alchemy/site
18 verbose cache add name="grunt-contrib-imagemin" spec="git://github.com/gruntjs/grunt-contrib-imagemin" args=["grunt-contrib-imagemin","git://github.com/gruntjs/grunt-contrib-imagemin"]
19 verbose parsed url { protocol: 'git:',
19 verbose parsed url   slashes: true,
19 verbose parsed url   auth: null,
19 verbose parsed url   host: 'github.com',
19 verbose parsed url   port: null,
19 verbose parsed url   hostname: 'github.com',
19 verbose parsed url   hash: null,
19 verbose parsed url   search: null,
19 verbose parsed url   query: null,
19 verbose parsed url   pathname: '/gruntjs/grunt-contrib-imagemin',
19 verbose parsed url   path: '/gruntjs/grunt-contrib-imagemin',
19 verbose parsed url   href: 'git://github.com/gruntjs/grunt-contrib-imagemin' }
20 verbose already installed skipping grunt-contrib-watch@~0.6.1 /Users/lori/Desktop/ForkedAlchemy/Alchemy/site
21 silly lockFile bdb544ce-m-gruntjs-grunt-contrib-imagemin git://github.com/gruntjs/grunt-contrib-imagemin
22 verbose lock git://github.com/gruntjs/grunt-contrib-imagemin /Users/lori/.npm/bdb544ce-m-gruntjs-grunt-contrib-imagemin.lock
23 verbose already installed skipping grunt-gh-pages@~0.9.1 /Users/lori/Desktop/ForkedAlchemy/Alchemy/site
24 verbose already installed skipping grunt-jekyll@^0.4.2 /Users/lori/Desktop/ForkedAlchemy/Alchemy/site
25 verbose addRemoteGit [ 'git://github.com/gruntjs/grunt-contrib-imagemin', 'master' ]
26 verbose already installed skipping grunt-mocha@~0.4.10 /Users/lori/Desktop/ForkedAlchemy/Alchemy/site
27 verbose already installed skipping grunt-modernizr@~0.5.2 /Users/lori/Desktop/ForkedAlchemy/Alchemy/site
28 verbose already installed skipping grunt-newer@~0.7.0 /Users/lori/Desktop/ForkedAlchemy/Alchemy/site
29 verbose already installed skipping grunt-ngmin@0.0.3 /Users/lori/Desktop/ForkedAlchemy/Alchemy/site
30 verbose already installed skipping grunt-rev@~0.1.0 /Users/lori/Desktop/ForkedAlchemy/Alchemy/site
31 verbose already installed skipping grunt-sass@~0.14.0 /Users/lori/Desktop/ForkedAlchemy/Alchemy/site
32 verbose already installed skipping grunt-shell@~0.7.0 /Users/lori/Desktop/ForkedAlchemy/Alchemy/site
33 verbose already installed skipping grunt-svgmin@~0.4.0 /Users/lori/Desktop/ForkedAlchemy/Alchemy/site
34 verbose already installed skipping grunt-usemin@~2.1.0 /Users/lori/Desktop/ForkedAlchemy/Alchemy/site
35 verbose already installed skipping jshint-stylish@~0.1.5 /Users/lori/Desktop/ForkedAlchemy/Alchemy/site
36 verbose already installed skipping load-grunt-tasks@~0.4.0 /Users/lori/Desktop/ForkedAlchemy/Alchemy/site
37 verbose already installed skipping optipng-bin@~0.3.9 /Users/lori/Desktop/ForkedAlchemy/Alchemy/site
38 verbose already installed skipping time-grunt@~0.3.1 /Users/lori/Desktop/ForkedAlchemy/Alchemy/site
39 verbose already installed skipping grunt-string-replace@~0.2.7 /Users/lori/Desktop/ForkedAlchemy/Alchemy/site
40 verbose already installed skipping grunt@~0.4.5 /Users/lori/Desktop/ForkedAlchemy/Alchemy/site
41 verbose already installed skipping grunt-autoprefixer@~0.7.2 /Users/lori/Desktop/ForkedAlchemy/Alchemy/site
42 verbose already installed skipping grunt-bower-install@~1.4.0 /Users/lori/Desktop/ForkedAlchemy/Alchemy/site
43 verbose already installed skipping grunt-concurrent@~0.5.0 /Users/lori/Desktop/ForkedAlchemy/Alchemy/site
44 verbose already installed skipping grunt-contrib-clean@~0.5.0 /Users/lori/Desktop/ForkedAlchemy/Alchemy/site
45 verbose already installed skipping grunt-contrib-coffee@~0.10.1 /Users/lori/Desktop/ForkedAlchemy/Alchemy/site
46 verbose already installed skipping grunt-contrib-concat@~0.3.0 /Users/lori/Desktop/ForkedAlchemy/Alchemy/site
47 verbose git remote.origin.url git://github.com/gruntjs/grunt-contrib-imagemin
48 error git fetch -a origin (git://github.com/gruntjs/grunt-contrib-imagemin) fatal: unable to connect to github.com:
48 error git fetch -a origin (git://github.com/gruntjs/grunt-contrib-imagemin) github.com[0: 192.30.252.131]: errno=Operation timed out
49 silly lockFile bdb544ce-m-gruntjs-grunt-contrib-imagemin git://github.com/gruntjs/grunt-contrib-imagemin
50 silly lockFile bdb544ce-m-gruntjs-grunt-contrib-imagemin git://github.com/gruntjs/grunt-contrib-imagemin
51 error Error: Command failed: fatal: unable to connect to github.com:
51 error github.com[0: 192.30.252.131]: errno=Operation timed out
51 error
51 error
51 error     at ChildProcess.exithandler (child_process.js:648:15)
51 error     at ChildProcess.emit (events.js:98:17)
51 error     at maybeClose (child_process.js:756:16)
51 error     at Socket.<anonymous> (child_process.js:969:11)
51 error     at Socket.emit (events.js:95:17)
51 error     at Pipe.close (net.js:465:12)
52 error If you need help, you may report this *entire* log,
52 error including the npm and node versions, at:
52 error     <http://github.com/npm/npm/issues>
53 error System Darwin 13.3.0
54 error command "node" "/usr/local/bin/npm" "install"
55 error cwd /Users/lori/Desktop/ForkedAlchemy/Alchemy/site
56 error node -v v0.10.30
57 error npm -v 1.4.21
58 error code 128
59 verbose exit [ 1, true ]
